<?xml version="1.0" encoding="UTF-8"?>
<!-- Generated by org.testng.reporters.JUnitReportReporter -->
<testsuite hostname="PAWAN" failures="0" tests="1" name="encapsulation.check" time="0.000" errors="0" timestamp="2021-10-15T12:08:11 IST" skipped="0">
  <testcase classname="encapsulation.check" name="asg" time="0.000"/>
  <system-out/>
</testsuite> <!-- encapsulation.check -->
