<?xml version="1.0" encoding="UTF-8"?>
<!-- Generated by org.testng.reporters.JUnitReportReporter -->
<testsuite hostname="PAWAN" failures="0" tests="1" name="encapsulation.mainmethod_login_page" time="13.090" errors="0" timestamp="2021-10-13T17:41:46 IST" skipped="0">
  <testcase classname="encapsulation.mainmethod_login_page" name="validLogin" time="13.090"/>
  <system-out/>
</testsuite> <!-- encapsulation.mainmethod_login_page -->
