<?xml version="1.0" encoding="UTF-8"?>
<!-- Generated by org.testng.reporters.JUnitReportReporter -->
<testsuite hostname="PAWAN" failures="0" tests="1" name="Assert.soft_assert" time="5.906" errors="0" timestamp="2021-10-11T23:24:26 IST" skipped="0">
  <testcase classname="Assert.soft_assert" name="verifyTitle" time="5.906"/>
  <system-out/>
</testsuite> <!-- Assert.soft_assert -->
