<?xml version="1.0" encoding="UTF-8"?>
<!-- Generated by org.testng.reporters.JUnitReportReporter -->
<testsuite hostname="PAWAN" failures="0" tests="1" name="qsp.TESTNG" time="0.018" errors="0" timestamp="2021-10-05T16:49:49 IST" skipped="0">
  <testcase classname="qsp.TESTNG" name="Demo1" time="0.018"/>
  <system-out>
    <![CDATA[welcome]]>
  </system-out>
</testsuite> <!-- qsp.TESTNG -->
