<?xml version="1.0" encoding="UTF-8"?>
<!-- Generated by org.testng.reporters.JUnitReportReporter -->
<testsuite hostname="PAWAN" failures="0" tests="1" name="TestNG.take_screenshot" time="6.912" errors="0" timestamp="2021-10-08T10:32:09 IST" skipped="0">
  <testcase classname="TestNG.take_screenshot" name="testscreenshot" time="6.912"/>
  <system-out/>
</testsuite> <!-- TestNG.take_screenshot -->
