<?xml version="1.0" encoding="UTF-8"?>
<!-- Generated by org.testng.reporters.JUnitReportReporter -->
<testsuite hostname="PAWAN" failures="0" tests="1" name="com.actiTime.Demo" time="0.001" errors="0" timestamp="2021-10-11T23:24:26 IST" skipped="0">
  <testcase classname="com.actiTime.Demo" name="classTestDemo" time="0.001"/>
  <system-out>
    <![CDATA[welcome to testNG]]>
  </system-out>
</testsuite> <!-- com.actiTime.Demo -->
