<?xml version="1.0" encoding="UTF-8"?>
<!-- Generated by org.testng.reporters.JUnitReportReporter -->
<testsuite hostname="PAWAN" failures="0" tests="2" name="com.actiTime.generics.Demo" time="0.003" errors="0" timestamp="2021-10-11T23:24:26 IST" skipped="0">
  <testcase classname="com.actiTime.generics.Demo" name="CreateCustomer" time="0.001"/>
  <system-out>
    <![CDATA[CreateCustomer]]>
  </system-out>
  <testcase classname="com.actiTime.generics.Demo" name="DeleteCustomer" time="0.002"/>
  <system-out>
    <![CDATA[DeleteCustomer]]>
  </system-out>
</testsuite> <!-- com.actiTime.generics.Demo -->
