<?xml version="1.0" encoding="UTF-8"?>
<!-- Generated by org.testng.reporters.JUnitReportReporter -->
<testsuite hostname="PAWAN" failures="0" tests="1" name="encapsulation.mainmethodclass" time="17.695" errors="0" timestamp="2021-10-13T17:31:04 IST" skipped="0">
  <testcase classname="encapsulation.mainmethodclass" name="validlogin" time="17.695"/>
  <system-out/>
</testsuite> <!-- encapsulation.mainmethodclass -->
