<?xml version="1.0" encoding="UTF-8"?>
<!-- Generated by org.testng.reporters.JUnitReportReporter -->
<testsuite hostname="PAWAN" failures="0" tests="1" name="Listener.TaskModule" time="0.016" errors="0" timestamp="2021-10-13T11:31:40 IST" skipped="0">
  <testcase classname="Listener.TaskModule" name="testCreateCustomer" time="0.016"/>
  <system-out>
    <![CDATA[testCreateCustomer]]>
  </system-out>
</testsuite> <!-- Listener.TaskModule -->
