<?xml version="1.0" encoding="UTF-8"?>
<!-- Generated by org.testng.reporters.JUnitReportReporter -->
<testsuite hostname="PAWAN" failures="0" tests="2" name="Listener.ProjectModule" time="0.013" errors="0" timestamp="2021-10-13T11:31:40 IST" skipped="0">
  <testcase classname="Listener.ProjectModule" name="testDeleteCustomer" time="0.006"/>
  <system-out>
    <![CDATA[testDeleteCustomer]]>
  </system-out>
  <testcase classname="Listener.ProjectModule" name="testCreateCustomer" time="0.007"/>
  <system-out>
    <![CDATA[testCreateCustomer]]>
  </system-out>
</testsuite> <!-- Listener.ProjectModule -->
