<?xml version="1.0" encoding="UTF-8"?>
<!-- Generated by org.testng.reporters.JUnitReportReporter -->
<testsuite hostname="PAWAN" failures="0" tests="1" name="Assert.hard_assert" time="7.716" errors="0" timestamp="2021-10-11T23:24:26 IST" skipped="0">
  <testcase classname="Assert.hard_assert" name="verifyTitle" time="7.716"/>
  <system-out/>
</testsuite> <!-- Assert.hard_assert -->
