<?xml version="1.0" encoding="UTF-8"?>
<!-- Generated by org.testng.reporters.JUnitReportReporter -->
<testsuite hostname="PAWAN" failures="0" tests="50" name="encapsulation.max" time="0.155" errors="0" timestamp="2021-10-15T11:45:07 IST" skipped="0">
  <testcase classname="encapsulation.max" name="test14" time="0.002"/>
  <system-out/>
  <testcase classname="encapsulation.max" name="test44" time="0.005"/>
  <system-out/>
  <testcase classname="encapsulation.max" name="test27" time="0.001"/>
  <system-out/>
  <testcase classname="encapsulation.max" name="test45" time="0.001"/>
  <system-out/>
  <testcase classname="encapsulation.max" name="test36" time="0.002"/>
  <system-out/>
  <testcase classname="encapsulation.max" name="test49" time="0.000"/>
  <system-out/>
  <testcase classname="encapsulation.max" name="test22" time="0.002"/>
  <system-out/>
  <testcase classname="encapsulation.max" name="test30" time="0.008"/>
  <system-out/>
  <testcase classname="encapsulation.max" name="test10" time="0.002"/>
  <system-out/>
  <testcase classname="encapsulation.max" name="test8" time="0.005"/>
  <system-out/>
  <testcase classname="encapsulation.max" name="test17" time="0.003"/>
  <system-out/>
  <testcase classname="encapsulation.max" name="test33" time="0.001"/>
  <system-out/>
  <testcase classname="encapsulation.max" name="test12" time="0.003"/>
  <system-out/>
  <testcase classname="encapsulation.max" name="test9" time="0.006"/>
  <system-out/>
  <testcase classname="encapsulation.max" name="test2" time="0.002"/>
  <system-out/>
  <testcase classname="encapsulation.max" name="test48" time="0.003"/>
  <system-out/>
  <testcase classname="encapsulation.max" name="test18" time="0.003"/>
  <system-out/>
  <testcase classname="encapsulation.max" name="test5" time="0.002"/>
  <system-out/>
  <testcase classname="encapsulation.max" name="test41" time="0.001"/>
  <system-out/>
  <testcase classname="encapsulation.max" name="test26" time="0.005"/>
  <system-out/>
  <testcase classname="encapsulation.max" name="test16" time="0.002"/>
  <system-out/>
  <testcase classname="encapsulation.max" name="test24" time="0.001"/>
  <system-out/>
  <testcase classname="encapsulation.max" name="test34" time="0.001"/>
  <system-out/>
  <testcase classname="encapsulation.max" name="test6" time="0.003"/>
  <system-out/>
  <testcase classname="encapsulation.max" name="test42" time="0.003"/>
  <system-out/>
  <testcase classname="encapsulation.max" name="test35" time="0.008"/>
  <system-out/>
  <testcase classname="encapsulation.max" name="test21" time="0.006"/>
  <system-out/>
  <testcase classname="encapsulation.max" name="test11" time="0.009"/>
  <system-out/>
  <testcase classname="encapsulation.max" name="test20" time="0.002"/>
  <system-out/>
  <testcase classname="encapsulation.max" name="test29" time="0.006"/>
  <system-out/>
  <testcase classname="encapsulation.max" name="test28" time="0.002"/>
  <system-out/>
  <testcase classname="encapsulation.max" name="test50" time="0.002"/>
  <system-out/>
  <testcase classname="encapsulation.max" name="test38" time="0.001"/>
  <system-out/>
  <testcase classname="encapsulation.max" name="test43" time="0.001"/>
  <system-out/>
  <testcase classname="encapsulation.max" name="test3" time="0.001"/>
  <system-out/>
  <testcase classname="encapsulation.max" name="test15" time="0.002"/>
  <system-out/>
  <testcase classname="encapsulation.max" name="test40" time="0.001"/>
  <system-out/>
  <testcase classname="encapsulation.max" name="test4" time="0.001"/>
  <system-out/>
  <testcase classname="encapsulation.max" name="test1" time="0.014"/>
  <system-out/>
  <testcase classname="encapsulation.max" name="test25" time="0.002"/>
  <system-out/>
  <testcase classname="encapsulation.max" name="test31" time="0.002"/>
  <system-out/>
  <testcase classname="encapsulation.max" name="test39" time="0.002"/>
  <system-out/>
  <testcase classname="encapsulation.max" name="test32" time="0.004"/>
  <system-out/>
  <testcase classname="encapsulation.max" name="test19" time="0.002"/>
  <system-out/>
  <testcase classname="encapsulation.max" name="test47" time="0.007"/>
  <system-out/>
  <testcase classname="encapsulation.max" name="test37" time="0.001"/>
  <system-out/>
  <testcase classname="encapsulation.max" name="test23" time="0.001"/>
  <system-out/>
  <testcase classname="encapsulation.max" name="test13" time="0.006"/>
  <system-out/>
  <testcase classname="encapsulation.max" name="test46" time="0.003"/>
  <system-out/>
  <testcase classname="encapsulation.max" name="test7" time="0.002"/>
  <system-out/>
</testsuite> <!-- encapsulation.max -->
