<?xml version="1.0" encoding="UTF-8"?>
<!-- Generated by org.testng.reporters.JUnitReportReporter -->
<testsuite hostname="PAWAN" failures="0" tests="1" name="Screenshot.ScreenShot" time="5.922" errors="0" timestamp="2021-10-11T23:24:26 IST" skipped="0">
  <testcase classname="Screenshot.ScreenShot" name="testScreenshot" time="5.922"/>
  <system-out/>
</testsuite> <!-- Screenshot.ScreenShot -->
