<?xml version="1.0" encoding="UTF-8"?>
<!-- Generated by org.testng.reporters.JUnitReportReporter -->
<testsuite hostname="PAWAN" failures="0" tests="4" name="com.actiTime.generics.Demo1" time="0.017" errors="0" timestamp="2021-10-11T23:24:26 IST" skipped="0">
  <testcase classname="com.actiTime.generics.Demo1" name="DeleteCustomer" time="0.004"/>
  <system-out>
    <![CDATA[DeleteCustomer]]>
  </system-out>
  <testcase classname="com.actiTime.generics.Demo1" name="RegisterCustomer" time="0.004"/>
  <system-out>
    <![CDATA[RegisterCustomer]]>
  </system-out>
  <testcase classname="com.actiTime.generics.Demo1" name="EditCustomer" time="0.006"/>
  <system-out>
    <![CDATA[EditCustomer]]>
  </system-out>
  <testcase classname="com.actiTime.generics.Demo1" name="EditCustomer" time="0.003"/>
  <system-out>
    <![CDATA[EditCustomer]]>
  </system-out>
</testsuite> <!-- com.actiTime.generics.Demo1 -->
